#
# A fatal error has been detected by the Java Runtime Environment:
#
#  Internal Error (sharedRuntime.cpp:723), pid=3108, tid=1808
#  guarantee(false) failed: missing exception handler
#
# JRE version: 7.0-b147
# Java VM: Java HotSpot(TM) 64-Bit Server VM (21.0-b17 mixed mode windows-amd64 compressed oops)
# Failed to write core dump. Minidumps are not enabled by default on client versions of Windows
#
# If you would like to submit a bug report, please visit:
#   http://bugreport.sun.com/bugreport/crash.jsp
#

---------------  T H R E A D  ---------------

Current thread (0x000000000b627800):  JavaThread "Code server for helloworldgwt from Mozilla/5.0 (Windows NT 6.3; WOW64; rv:26.0) Gecko/20100101 Firefox/26.0 on http://127.0.0.1:8888/HelloWorldGWT.html?page=finalizarCompras&id_produto=3&gwt.codesvr=127.0.0.1%3A9997 @ )Cbl<Nq~Y,OZXh&Z" daemon [_thread_in_vm, id=1808, stack(0x000000000dd80000,0x000000000de80000)]

Stack: [0x000000000dd80000,0x000000000de80000]
Java frames: (J=compiled Java code, j=interpreted, Vv=VM code)
v  ~ExceptionBlob
J  java.net.SocketInputStream.read([BII)I
J  java.io.BufferedInputStream.fill()V
J  java.io.BufferedInputStream.read()I
J  com.google.gwt.dev.shell.BrowserChannel$Message.readMessageType(Ljava/io/DataInputStream;)Lcom/google/gwt/dev/shell/BrowserChannel$MessageType;
j  com.google.gwt.dev.shell.BrowserChannelServer.reactToMessages(Lcom/google/gwt/dev/shell/BrowserChannelServer$SessionHandlerServer;)V+11
j  com.google.gwt.dev.shell.BrowserChannelServer.processConnection()V+877
j  com.google.gwt.dev.shell.BrowserChannelServer.run()V+1
j  java.lang.Thread.run()V+11
v  ~StubRoutines::call_stub

---------------  P R O C E S S  ---------------

Java Threads: ( => current thread )
  0x000000000847d800 JavaThread "CompilationUnitBuilder" daemon [_thread_blocked, id=904, stack(0x000000000d780000,0x000000000d880000)]
  0x000000000847d000 JavaThread "Code server for helloworldgwt from Mozilla/5.0 (Windows NT 6.3; WOW64; rv:26.0) Gecko/20100101 Firefox/26.0 on http://127.0.0.1:8888/HelloWorldGWT.html?id_produto=2&gwt.codesvr=127.0.0.1%3A9997 @ w"w:(m9u_rQN=,gm" daemon [_thread_blocked, id=5776, stack(0x000000000b030000,0x000000000b130000)]
  0x000000000847c000 JavaThread "Code server for helloworldgwt from Mozilla/5.0 (Windows NT 6.3; WOW64; rv:26.0) Gecko/20100101 Firefox/26.0 on http://127.0.0.1:8888/HelloWorldGWT.html?id_produto=2&gwt.codesvr=127.0.0.1%3A9997 @ O_W]h.<O%hz#6B'u" daemon [_thread_blocked, id=6424, stack(0x000000000fb30000,0x000000000fc30000)]
  0x000000000b632800 JavaThread "Code server for helloworldgwt from Mozilla/5.0 (Windows NT 6.3; WOW64; rv:26.0) Gecko/20100101 Firefox/26.0 on http://127.0.0.1:8888/HelloWorldGWT.html?page=finalizarCompras&id_produto=2&gwt.codesvr=127.0.0.1%3A9997 @ o1}@mKBnf{OAb*na" daemon [_thread_blocked, id=5316, stack(0x000000000e680000,0x000000000e780000)]
  0x000000000b631000 JavaThread "2027443120@qtp-890858048-24" [_thread_blocked, id=2420, stack(0x000000000e480000,0x000000000e580000)]
  0x000000000b62c000 JavaThread "728790523@qtp-890858048-23" [_thread_blocked, id=2112, stack(0x000000000e380000,0x000000000e480000)]
  0x000000000b62c800 JavaThread "Code server for helloworldgwt from Mozilla/5.0 (Windows NT 6.3; WOW64; rv:26.0) Gecko/20100101 Firefox/26.0 on http://127.0.0.1:8888/HelloWorldGWT.html?page=finalizarCompras&id_produto=2&gwt.codesvr=127.0.0.1%3A9997 @ RhIh"GJ?XJ]{(6DW" daemon [_thread_blocked, id=4120, stack(0x000000000c3b0000,0x000000000c4b0000)]
  0x000000000b62a800 JavaThread "560427350@qtp-890858048-22" [_thread_blocked, id=4124, stack(0x000000000da80000,0x000000000db80000)]
  0x000000000b627000 JavaThread "Code server for helloworldgwt from Mozilla/5.0 (Windows NT 6.3; WOW64; rv:26.0) Gecko/20100101 Firefox/26.0 on http://127.0.0.1:8888/HelloWorldGWT.html?page=finalizarCompras&id_produto=2&gwt.codesvr=127.0.0.1%3A9997 @ }:m:_x%[f<,y,g'," daemon [_thread_blocked, id=5056, stack(0x0000000008d40000,0x0000000008e40000)]
  0x000000000b62f000 JavaThread "Code server for helloworldgwt from Mozilla/5.0 (Windows NT 6.3; WOW64; rv:26.0) Gecko/20100101 Firefox/26.0 on http://127.0.0.1:8888/HelloWorldGWT.html?id_produto=2&gwt.codesvr=127.0.0.1%3A9997 @ dy&\7AR`L0zyoFq^" daemon [_thread_blocked, id=800, stack(0x0000000007d50000,0x0000000007e50000)]
  0x000000000b62e000 JavaThread "Code server for helloworldgwt from Mozilla/5.0 (Windows NT 6.3; WOW64; rv:26.0) Gecko/20100101 Firefox/26.0 on http://127.0.0.1:8888/HelloWorldGWT.html?page=finalizarCompras&id_produto=2&gwt.codesvr=127.0.0.1%3A9997 @ >nc-'4/f'ON1Ne2J" daemon [_thread_blocked, id=1896, stack(0x000000000e180000,0x000000000e280000)]
  0x000000000b62b000 JavaThread "Code server for helloworldgwt from Mozilla/5.0 (Windows NT 6.3; WOW64; rv:26.0) Gecko/20100101 Firefox/26.0 on http://127.0.0.1:8888/HelloWorldGWT.html?page=single&id_produto=2&gwt.codesvr=127.0.0.1%3A9997 @ rj<^fv*HA%;rQTu)" daemon [_thread_blocked, id=6100, stack(0x000000000e080000,0x000000000e180000)]
  0x000000000b629000 JavaThread "Code server for helloworldgwt from Mozilla/5.0 (Windows NT 6.3; WOW64; rv:26.0) Gecko/20100101 Firefox/26.0 on http://127.0.0.1:8888/HelloWorldGWT.html?gwt.codesvr=127.0.0.1:9997 @ O^zyO*cq;$jWPIS:" daemon [_thread_blocked, id=4204, stack(0x000000000d680000,0x000000000d780000)]
  0x000000000b624800 JavaThread "Code server for helloworldgwt from Mozilla/5.0 (Windows NT 6.3; WOW64; rv:26.0) Gecko/20100101 Firefox/26.0 on http://127.0.0.1:8888/HelloWorldGWT.html?page=finalizarCompras&id_produto=3&gwt.codesvr=127.0.0.1%3A9997 @ VPsMp#Sdb.W&z|[Y" daemon [_thread_blocked, id=7096, stack(0x000000000d980000,0x000000000da80000)]
=>0x000000000b627800 JavaThread "Code server for helloworldgwt from Mozilla/5.0 (Windows NT 6.3; WOW64; rv:26.0) Gecko/20100101 Firefox/26.0 on http://127.0.0.1:8888/HelloWorldGWT.html?page=finalizarCompras&id_produto=3&gwt.codesvr=127.0.0.1%3A9997 @ )Cbl<Nq~Y,OZXh&Z" daemon [_thread_in_vm, id=1808, stack(0x000000000dd80000,0x000000000de80000)]
  0x0000000008480000 JavaThread "Code server for helloworldgwt from Mozilla/5.0 (Windows NT 6.3; WOW64; rv:26.0) Gecko/20100101 Firefox/26.0 on http://127.0.0.1:8888/HelloWorldGWT.html?page=finalizarCompras&id_produto=3&gwt.codesvr=127.0.0.1%3A9997 @ j45XYOX74E[/J?mW" daemon [_thread_blocked, id=1072, stack(0x000000000c2b0000,0x000000000c3b0000)]
  0x000000000847e800 JavaThread "Code server for helloworldgwt from Mozilla/5.0 (Windows NT 6.3; WOW64; rv:26.0) Gecko/20100101 Firefox/26.0 on http://127.0.0.1:8888/HelloWorldGWT.html?page=finalizarCompras&id_produto=3&gwt.codesvr=127.0.0.1%3A9997 @ 144ZCCemX2w|5~6e" daemon [_thread_blocked, id=3792, stack(0x000000000dc80000,0x000000000dd80000)]
  0x000000000847a800 JavaThread "Code server for helloworldgwt from Mozilla/5.0 (Windows NT 6.3; WOW64; rv:26.0) Gecko/20100101 Firefox/26.0 on http://127.0.0.1:8888/HelloWorldGWT.html?page=single&id_produto=3&gwt.codesvr=127.0.0.1%3A9997 @ s1v[p??atmPf*yyY" daemon [_thread_blocked, id=4932, stack(0x000000000db80000,0x000000000dc80000)]
  0x0000000008479000 JavaThread "Code server for helloworldgwt from Mozilla/5.0 (Windows NT 6.3; WOW64; rv:26.0) Gecko/20100101 Firefox/26.0 on http://127.0.0.1:8888/HelloWorldGWT.html?gwt.codesvr=127.0.0.1:9997 @ :qVT6r-'@G~<6cg9" daemon [_thread_blocked, id=6724, stack(0x000000000d880000,0x000000000d980000)]
  0x000000000847a000 JavaThread "Code server for helloworldgwt from Mozilla/5.0 (Windows NT 6.3; WOW64; rv:26.0) Gecko/20100101 Firefox/26.0 on http://127.0.0.1:8888/HelloWorldGWT.html?gwt.codesvr=127.0.0.1:9997 @ ~|^vOZY'5I#v_b_r" daemon [_thread_blocked, id=4548, stack(0x000000000c4b0000,0x000000000c5b0000)]
  0x000000000a84a800 JavaThread "Timer-1" daemon [_thread_blocked, id=5984, stack(0x0000000009f10000,0x000000000a010000)]
  0x00000000090de000 JavaThread "Timer-0" daemon [_thread_blocked, id=2288, stack(0x0000000009e10000,0x0000000009f10000)]
  0x00000000085d3000 JavaThread "2082514234@qtp-890858048-1 - Acceptor0 SelectChannelConnector@0.0.0.0:8888" [_thread_in_native, id=1580, stack(0x0000000008750000,0x0000000008850000)]
  0x00000000080e2000 JavaThread "Code server listener" daemon [_thread_in_native, id=4720, stack(0x0000000008c40000,0x0000000008d40000)]
  0x0000000006444800 JavaThread "pool-1-thread-1" [_thread_blocked, id=1836, stack(0x0000000008650000,0x0000000008750000)]
  0x0000000007213800 JavaThread "Thread-2" daemon [_thread_blocked, id=3964, stack(0x0000000007c50000,0x0000000007d50000)]
  0x00000000071d5000 JavaThread "Thread-1" [_thread_in_native, id=6440, stack(0x00000000077b0000,0x00000000078b0000)]
  0x0000000007099000 JavaThread "Service Thread" daemon [_thread_blocked, id=3216, stack(0x00000000075b0000,0x00000000076b0000)]
  0x0000000007098800 JavaThread "C2 CompilerThread1" daemon [_thread_blocked, id=1240, stack(0x00000000074b0000,0x00000000075b0000)]
  0x0000000007129000 JavaThread "C2 CompilerThread0" daemon [_thread_blocked, id=1812, stack(0x00000000073b0000,0x00000000074b0000)]
  0x00000000063e4000 JavaThread "Attach Listener" daemon [_thread_blocked, id=2856, stack(0x0000000006eb0000,0x0000000006fb0000)]
  0x00000000063e0800 JavaThread "Signal Dispatcher" daemon [_thread_blocked, id=6504, stack(0x0000000006db0000,0x0000000006eb0000)]
  0x0000000006383000 JavaThread "Finalizer" daemon [_thread_blocked, id=6216, stack(0x0000000006cb0000,0x0000000006db0000)]
  0x000000000637a800 JavaThread "Reference Handler" daemon [_thread_blocked, id=3420, stack(0x0000000006bb0000,0x0000000006cb0000)]
  0x0000000002bb0800 JavaThread "main" [_thread_blocked, id=676, stack(0x00000000011b0000,0x00000000012b0000)]

Other Threads:
  0x000000000636d000 VMThread [stack: 0x0000000006ab0000,0x0000000006bb0000] [id=3948]
  0x000000000709a000 WatcherThread [stack: 0x00000000076b0000,0x00000000077b0000] [id=5140]

VM state:synchronizing (normal execution)

VM Mutex/Monitor currently owned by a thread:  ([mutex/lock_event])
[0x00000000011ac670] Threads_lock - owner thread: 0x000000000636d000
[0x00000000011acbf0] Heap_lock - owner thread: 0x000000000847d000
[0x00000000011ad100] MethodData_lock - owner thread: 0x000000000847d000

Heap
 PSYoungGen      total 67200K, used 670K [0x00000000f5560000, 0x00000000f9730000, 0x0000000100000000)
  eden space 67072K, 1% used [0x00000000f5560000,0x00000000f5607b38,0x00000000f96e0000)
  from space 128K, 0% used [0x00000000f96e0000,0x00000000f96e0000,0x00000000f9700000)
  to   space 128K, 0% used [0x00000000f9710000,0x00000000f9710000,0x00000000f9730000)
 PSOldGen        total 349568K, used 256853K [0x00000000e0000000, 0x00000000f5560000, 0x00000000f5560000)
  object space 349568K, 73% used [0x00000000e0000000,0x00000000efad55f8,0x00000000f5560000)
 PSPermGen       total 83968K, used 83967K [0x00000000dae00000, 0x00000000e0000000, 0x00000000e0000000)
  object space 83968K, 99% used [0x00000000dae00000,0x00000000dfffffa8,0x00000000e0000000)

Code Cache  [0x0000000002cb0000, 0x0000000003800000, 0x0000000005cb0000)
 total_blobs=3181 nmethods=2783 adapters=345 free_code_cache=38071Kb largest_free_block=38534528

Dynamic libraries:
0x00007ff7dcbe0000 - 0x00007ff7dcc13000 	C:\Program Files\Java\jre7\bin\javaw.exe
0x00007ff95ae70000 - 0x00007ff95b01a000 	C:\WINDOWS\SYSTEM32\ntdll.dll
0x00007ff95a360000 - 0x00007ff95a49a000 	C:\WINDOWS\system32\KERNEL32.DLL
0x00007ff9582b0000 - 0x00007ff9583bf000 	C:\WINDOWS\system32\KERNELBASE.dll
0x00007ff956c70000 - 0x00007ff956cf8000 	C:\WINDOWS\system32\apphelp.dll
0x00007ff94b310000 - 0x00007ff94b35f000 	C:\WINDOWS\AppPatch\AppPatch64\AcGenral.DLL
0x00007ff95ab20000 - 0x00007ff95abc7000 	C:\WINDOWS\system32\msvcrt.dll
0x00007ff957fb0000 - 0x00007ff957fdb000 	C:\WINDOWS\SYSTEM32\SspiCli.dll
0x00007ff95a840000 - 0x00007ff95a891000 	C:\WINDOWS\system32\SHLWAPI.dll
0x00007ff959f50000 - 0x00007ff95a0c1000 	C:\WINDOWS\system32\USER32.dll
0x00007ff95a4a0000 - 0x00007ff95a618000 	C:\WINDOWS\system32\ole32.dll
0x00007ff9589e0000 - 0x00007ff959df6000 	C:\WINDOWS\system32\SHELL32.dll
0x00007ff9577f0000 - 0x00007ff95780e000 	C:\WINDOWS\SYSTEM32\USERENV.dll
0x00007ff95a640000 - 0x00007ff95a6e5000 	C:\WINDOWS\system32\ADVAPI32.dll
0x00007ff94d4e0000 - 0x00007ff94d4fb000 	C:\WINDOWS\SYSTEM32\MPR.dll
0x00007ff95a700000 - 0x00007ff95a836000 	C:\WINDOWS\system32\RPCRT4.dll
0x00007ff95ac30000 - 0x00007ff95ac87000 	C:\WINDOWS\SYSTEM32\sechost.dll
0x00007ff95ac90000 - 0x00007ff95ae66000 	C:\WINDOWS\SYSTEM32\combase.dll
0x00007ff959e00000 - 0x00007ff959f45000 	C:\WINDOWS\system32\GDI32.dll
0x00007ff9581e0000 - 0x00007ff9581f4000 	C:\WINDOWS\SYSTEM32\profapi.dll
0x00007ff956630000 - 0x00007ff9566cf000 	C:\WINDOWS\SYSTEM32\SHCORE.dll
0x00007ff9587a0000 - 0x00007ff9587d4000 	C:\WINDOWS\system32\IMM32.DLL
0x00007ff95a220000 - 0x00007ff95a359000 	C:\WINDOWS\system32\MSCTF.dll
0x00007ff955c10000 - 0x00007ff955e6a000 	C:\WINDOWS\WinSxS\amd64_microsoft.windows.common-controls_6595b64144ccf1df_6.0.9600.17031_none_6242a4b3ecbb55a1\COMCTL32.dll
0x0000000057810000 - 0x00000000578e1000 	C:\Program Files\Java\jre7\bin\msvcr100.dll
0x0000000057140000 - 0x000000005780e000 	C:\Program Files\Java\jre7\bin\server\jvm.dll
0x00007ff94f8c0000 - 0x00007ff94f8c9000 	C:\WINDOWS\SYSTEM32\WSOCK32.dll
0x00007ff9506a0000 - 0x00007ff9506bf000 	C:\WINDOWS\SYSTEM32\WINMM.dll
0x00007ff95a0e0000 - 0x00007ff95a0e7000 	C:\WINDOWS\system32\PSAPI.DLL
0x00007ff9587e0000 - 0x00007ff958838000 	C:\WINDOWS\system32\WS2_32.dll
0x00007ff950670000 - 0x00007ff95069a000 	C:\WINDOWS\SYSTEM32\WINMMBASE.dll
0x00007ff95a0d0000 - 0x00007ff95a0d9000 	C:\WINDOWS\system32\NSI.dll
0x00007ff9586a0000 - 0x00007ff9586ea000 	C:\WINDOWS\SYSTEM32\cfgmgr32.dll
0x00007ff956f30000 - 0x00007ff956f56000 	C:\WINDOWS\SYSTEM32\DEVOBJ.dll
0x0000000057130000 - 0x000000005713f000 	C:\Program Files\Java\jre7\bin\verify.dll
0x0000000057100000 - 0x0000000057128000 	C:\Program Files\Java\jre7\bin\java.dll
0x0000000057aa0000 - 0x0000000057ac3000 	C:\Program Files\Java\jre7\bin\instrument.dll
0x00000000570e0000 - 0x00000000570f5000 	C:\Program Files\Java\jre7\bin\zip.dll
0x00000000570c0000 - 0x00000000570d9000 	C:\Program Files\Java\jre7\bin\net.dll
0x00007ff957a40000 - 0x00007ff957a98000 	C:\WINDOWS\system32\mswsock.dll
0x00007ff957850000 - 0x00007ff9578f3000 	C:\WINDOWS\SYSTEM32\DNSAPI.dll
0x0000000057c90000 - 0x0000000057cb6000 	C:\Program Files\Bonjour\mdnsNSP.dll
0x00007ff953600000 - 0x00007ff953629000 	C:\WINDOWS\SYSTEM32\Iphlpapi.DLL
0x00007ff952b50000 - 0x00007ff952b5a000 	C:\WINDOWS\SYSTEM32\WINNSI.DLL
0x00007ff94f360000 - 0x00007ff94f369000 	C:\Windows\System32\rasadhlp.dll
0x00007ff952ae0000 - 0x00007ff952b48000 	C:\WINDOWS\System32\fwpuclnt.dll
0x00007ff957aa0000 - 0x00007ff957abe000 	C:\WINDOWS\SYSTEM32\CRYPTSP.dll
0x00007ff9576e0000 - 0x00007ff957715000 	C:\WINDOWS\system32\rsaenh.dll
0x00007ff957cd0000 - 0x00007ff957cf6000 	C:\WINDOWS\SYSTEM32\bcrypt.dll
0x00007ff957ff0000 - 0x00007ff958050000 	C:\WINDOWS\system32\bcryptprimitives.dll
0x00007ff958050000 - 0x00007ff95805a000 	C:\WINDOWS\SYSTEM32\CRYPTBASE.dll
0x00007ff94cb50000 - 0x00007ff94cb64000 	C:\WINDOWS\system32\napinsp.dll
0x00007ff94cb90000 - 0x00007ff94cba9000 	C:\WINDOWS\system32\pnrpnsp.dll
0x00007ff9557c0000 - 0x00007ff9557d9000 	C:\WINDOWS\system32\NLAapi.dll
0x00007ff94e420000 - 0x00007ff94e42c000 	C:\WINDOWS\System32\winrnr.dll
0x00007ff94d470000 - 0x00007ff94d483000 	C:\WINDOWS\system32\wshbth.dll
0x00000000570a0000 - 0x00000000570b1000 	C:\Program Files\Java\jre7\bin\nio.dll

VM Arguments:
jvm_args: -javaagent:C:\eclipse\plugins\com.google.appengine.eclipse.sdkbundle_1.9.1\appengine-java-sdk-1.9.1\lib\agent\appengine-agent.jar -Xmx512m -Dfile.encoding=Cp1252 
java_command: com.google.gwt.dev.DevMode -startupUrl HelloWorldGWT.html -war C:\Users\stephane\Documents\GitHub\437-P\HelloWorldGWT\war -server com.google.appengine.tools.development.gwt.AppEngineLauncher -remoteUI 60006:31449449911329 -logLevel INFO -codeServerPort 9997 -port 8888 br.unicamp.mc437.HelloWorldGWT
Launcher Type: SUN_STANDARD

Environment Variables:
PATH=C:\Program Files (x86)\EasyPHP-DevServer-13.1VC9\binaries\php\php_runningversion;C:\Program Files (x86)\EasyPHP-DevServer-14.1VC11\binaries\php\php_runningversion;C:\Program Files (x86)\Intel\iCLS Client\;C:\Program Files\Intel\iCLS Client\;C:\WINDOWS\system32;C:\WINDOWS;C:\WINDOWS\System32\Wbem;C:\WINDOWS\System32\WindowsPowerShell\v1.0\;C:\Program Files (x86)\Intel\OpenCL SDK\2.0\bin\x86;C:\Program Files (x86)\Intel\OpenCL SDK\2.0\bin\x64;C:\Program Files\Intel\Intel(R) Management Engine Components\DAL;C:\Program Files\Intel\Intel(R) Management Engine Components\IPT;C:\Program Files (x86)\Intel\Intel(R) Management Engine Components\DAL;C:\Program Files (x86)\Intel\Intel(R) Management Engine Components\IPT;C:\Program Files\Intel\WiFi\bin\;C:\Program Files\Common Files\Intel\WirelessCommon\;C:\apache\apache-ant-1.9.3\\bin;C:\Program Files\Java\jre6\bin;c:\altera\81\quartus\bin;
USERNAME=stephane
OS=Windows_NT
PROCESSOR_IDENTIFIER=Intel64 Family 6 Model 58 Stepping 9, GenuineIntel



---------------  S Y S T E M  ---------------

OS: Windows NT 6.2 Build 9200 

CPU:total 4 (2 cores per cpu, 2 threads per core) family 6 model 58 stepping 9, cmov, cx8, fxsr, mmx, sse, sse2, sse3, ssse3, sse4.1, sse4.2, popcnt, ht

Memory: 4k page, physical 4089620k(862004k free), swap 6747080k(1528020k free)

vm_info: Java HotSpot(TM) 64-Bit Server VM (21.0-b17) for windows-amd64 JRE (1.7.0-b147), built on Jun 27 2011 02:19:45 by "java_re" with unknown MS VC++:1600

time: Wed May 21 19:04:40 2014
elapsed time: 3456 seconds

