/*C116*/SET SCHEMA PUBLIC
INSERT INTO PRODUTOS VALUES(18,'testJMusclo!','blabla',0.0E0,4,6.0E0,1,0,'http://www.avisproteine.com/wp-content/uploads/2010/11/reflex-instant-whey.jpg')
COMMIT
INSERT INTO PRODUTOS_SUBCATEGORIAS VALUES(19,1,18)
COMMIT
INSERT INTO PRODUTOS_SUBCATEGORIAS VALUES(20,2,18)
COMMIT
INSERT INTO PRODUTOS_SUBCATEGORIAS VALUES(21,3,18)
COMMIT
/*C117*/SET SCHEMA PUBLIC
INSERT INTO PRODUTOS VALUES(19,'testJMusclo!','blabla',6.56E0,4,0.0E0,1,0,'http://www.avisproteine.com/wp-content/uploads/2010/11/reflex-instant-whey.jpg')
COMMIT
INSERT INTO PRODUTOS_SUBCATEGORIAS VALUES(22,1,19)
COMMIT
INSERT INTO PRODUTOS_SUBCATEGORIAS VALUES(23,2,19)
COMMIT
INSERT INTO PRODUTOS_SUBCATEGORIAS VALUES(24,3,19)
COMMIT
/*C118*/SET SCHEMA PUBLIC
INSERT INTO PRODUTOS VALUES(20,'testJMusclo!','blabla',6.56E0,0,6.0E0,1,0,'http://www.avisproteine.com/wp-content/uploads/2010/11/reflex-instant-whey.jpg')
COMMIT
INSERT INTO PRODUTOS_SUBCATEGORIAS VALUES(25,1,20)
COMMIT
INSERT INTO PRODUTOS_SUBCATEGORIAS VALUES(26,2,20)
COMMIT
INSERT INTO PRODUTOS_SUBCATEGORIAS VALUES(27,3,20)
COMMIT
/*C119*/SET SCHEMA PUBLIC
INSERT INTO PRODUTOS VALUES(21,'testJMusclo!','blabla',6.56E0,4,6.0E0,1,0,'http://www.avisproteine.com/wp-content/uploads/2010/11/reflex-instant-whey.jpg')
COMMIT
INSERT INTO PRODUTOS_SUBCATEGORIAS VALUES(28,1,21)
COMMIT
INSERT INTO PRODUTOS_SUBCATEGORIAS VALUES(29,2,21)
COMMIT
INSERT INTO PRODUTOS_SUBCATEGORIAS VALUES(30,3,21)
COMMIT
/*C114*/SET SCHEMA PUBLIC
DISCONNECT
/*C115*/SET SCHEMA PUBLIC
DISCONNECT
/*C116*/DISCONNECT
/*C117*/DISCONNECT
/*C118*/DISCONNECT
/*C120*/SET SCHEMA PUBLIC
DISCONNECT
/*C119*/DISCONNECT
/*C122*/SET SCHEMA PUBLIC
DISCONNECT
/*C121*/SET SCHEMA PUBLIC
DISCONNECT
/*C123*/SET SCHEMA PUBLIC
DISCONNECT
/*C125*/SET SCHEMA PUBLIC
DISCONNECT
/*C126*/SET SCHEMA PUBLIC
DISCONNECT
/*C124*/SET SCHEMA PUBLIC
DISCONNECT
/*C129*/SET SCHEMA PUBLIC
INSERT INTO PRODUTOS VALUES(22,'testJMusclo!','blabla',0.0E0,4,6.0E0,1,0,'http://www.avisproteine.com/wp-content/uploads/2010/11/reflex-instant-whey.jpg')
COMMIT
INSERT INTO PRODUTOS_SUBCATEGORIAS VALUES(31,1,22)
COMMIT
INSERT INTO PRODUTOS_SUBCATEGORIAS VALUES(32,2,22)
COMMIT
INSERT INTO PRODUTOS_SUBCATEGORIAS VALUES(33,3,22)
COMMIT
/*C130*/SET SCHEMA PUBLIC
INSERT INTO PRODUTOS VALUES(23,'testJMusclo!','blabla',6.56E0,4,0.0E0,1,0,'http://www.avisproteine.com/wp-content/uploads/2010/11/reflex-instant-whey.jpg')
COMMIT
INSERT INTO PRODUTOS_SUBCATEGORIAS VALUES(34,1,23)
COMMIT
INSERT INTO PRODUTOS_SUBCATEGORIAS VALUES(35,2,23)
COMMIT
INSERT INTO PRODUTOS_SUBCATEGORIAS VALUES(36,3,23)
COMMIT
/*C131*/SET SCHEMA PUBLIC
INSERT INTO PRODUTOS VALUES(24,'testJMusclo!','blabla',6.56E0,0,6.0E0,1,0,'http://www.avisproteine.com/wp-content/uploads/2010/11/reflex-instant-whey.jpg')
COMMIT
INSERT INTO PRODUTOS_SUBCATEGORIAS VALUES(37,1,24)
COMMIT
INSERT INTO PRODUTOS_SUBCATEGORIAS VALUES(38,2,24)
COMMIT
INSERT INTO PRODUTOS_SUBCATEGORIAS VALUES(39,3,24)
COMMIT
/*C132*/SET SCHEMA PUBLIC
INSERT INTO PRODUTOS VALUES(25,'testJMusclo!','blabla',6.56E0,4,6.0E0,1,0,'http://www.avisproteine.com/wp-content/uploads/2010/11/reflex-instant-whey.jpg')
COMMIT
INSERT INTO PRODUTOS_SUBCATEGORIAS VALUES(40,1,25)
COMMIT
INSERT INTO PRODUTOS_SUBCATEGORIAS VALUES(41,2,25)
COMMIT
INSERT INTO PRODUTOS_SUBCATEGORIAS VALUES(42,3,25)
COMMIT
/*C127*/SET SCHEMA PUBLIC
DISCONNECT
/*C128*/SET SCHEMA PUBLIC
DISCONNECT
/*C131*/DISCONNECT
/*C132*/DISCONNECT
/*C135*/SET SCHEMA PUBLIC
DISCONNECT
/*C129*/DISCONNECT
/*C134*/SET SCHEMA PUBLIC
DISCONNECT
/*C133*/SET SCHEMA PUBLIC
DISCONNECT
/*C130*/DISCONNECT
/*C138*/SET SCHEMA PUBLIC
INSERT INTO PRODUTOS VALUES(26,'testJMusclo!','blabla',0.0E0,4,6.0E0,1,0,'http://www.avisproteine.com/wp-content/uploads/2010/11/reflex-instant-whey.jpg')
COMMIT
INSERT INTO PRODUTOS_SUBCATEGORIAS VALUES(43,1,26)
COMMIT
INSERT INTO PRODUTOS_SUBCATEGORIAS VALUES(44,2,26)
COMMIT
INSERT INTO PRODUTOS_SUBCATEGORIAS VALUES(45,3,26)
COMMIT
/*C139*/SET SCHEMA PUBLIC
INSERT INTO PRODUTOS VALUES(27,'testJMusclo!','blabla',6.56E0,4,0.0E0,1,0,'http://www.avisproteine.com/wp-content/uploads/2010/11/reflex-instant-whey.jpg')
COMMIT
INSERT INTO PRODUTOS_SUBCATEGORIAS VALUES(46,1,27)
COMMIT
INSERT INTO PRODUTOS_SUBCATEGORIAS VALUES(47,2,27)
COMMIT
INSERT INTO PRODUTOS_SUBCATEGORIAS VALUES(48,3,27)
COMMIT
/*C140*/SET SCHEMA PUBLIC
INSERT INTO PRODUTOS VALUES(28,'testJMusclo!','blabla',6.56E0,0,6.0E0,1,0,'http://www.avisproteine.com/wp-content/uploads/2010/11/reflex-instant-whey.jpg')
COMMIT
INSERT INTO PRODUTOS_SUBCATEGORIAS VALUES(49,1,28)
COMMIT
INSERT INTO PRODUTOS_SUBCATEGORIAS VALUES(50,2,28)
COMMIT
INSERT INTO PRODUTOS_SUBCATEGORIAS VALUES(51,3,28)
COMMIT
/*C141*/SET SCHEMA PUBLIC
INSERT INTO PRODUTOS VALUES(29,'testJMusclo!','blabla',6.56E0,4,6.0E0,1,0,'http://www.avisproteine.com/wp-content/uploads/2010/11/reflex-instant-whey.jpg')
COMMIT
INSERT INTO PRODUTOS_SUBCATEGORIAS VALUES(52,1,29)
COMMIT
INSERT INTO PRODUTOS_SUBCATEGORIAS VALUES(53,2,29)
COMMIT
INSERT INTO PRODUTOS_SUBCATEGORIAS VALUES(54,3,29)
COMMIT
/*C136*/SET SCHEMA PUBLIC
DISCONNECT
/*C139*/DISCONNECT
/*C140*/DISCONNECT
/*C143*/SET SCHEMA PUBLIC
DISCONNECT
/*C144*/SET SCHEMA PUBLIC
DISCONNECT
/*C137*/SET SCHEMA PUBLIC
DISCONNECT
/*C138*/DISCONNECT
/*C141*/DISCONNECT
/*C142*/SET SCHEMA PUBLIC
DISCONNECT
/*C147*/SET SCHEMA PUBLIC
DISCONNECT
/*C145*/SET SCHEMA PUBLIC
DISCONNECT
/*C148*/SET SCHEMA PUBLIC
DISCONNECT
/*C146*/SET SCHEMA PUBLIC
DISCONNECT
/*C151*/SET SCHEMA PUBLIC
DISCONNECT
/*C152*/SET SCHEMA PUBLIC
DISCONNECT
/*C155*/SET SCHEMA PUBLIC
DISCONNECT
/*C156*/SET SCHEMA PUBLIC
DISCONNECT
/*C159*/SET SCHEMA PUBLIC
DISCONNECT
/*C160*/SET SCHEMA PUBLIC
DISCONNECT
/*C163*/SET SCHEMA PUBLIC
DISCONNECT
/*C164*/SET SCHEMA PUBLIC
DISCONNECT
/*C149*/SET SCHEMA PUBLIC
DISCONNECT
/*C150*/SET SCHEMA PUBLIC
DISCONNECT
/*C165*/SET SCHEMA PUBLIC
DISCONNECT
/*C162*/SET SCHEMA PUBLIC
DISCONNECT
/*C161*/SET SCHEMA PUBLIC
DISCONNECT
/*C158*/SET SCHEMA PUBLIC
DISCONNECT
/*C157*/SET SCHEMA PUBLIC
DISCONNECT
/*C154*/SET SCHEMA PUBLIC
DISCONNECT
/*C153*/SET SCHEMA PUBLIC
DISCONNECT
/*C166*/SET SCHEMA PUBLIC
DISCONNECT
/*C169*/SET SCHEMA PUBLIC
DISCONNECT
/*C168*/SET SCHEMA PUBLIC
DISCONNECT
/*C167*/SET SCHEMA PUBLIC
DISCONNECT
/*C182*/SET SCHEMA PUBLIC
DISCONNECT
/*C181*/SET SCHEMA PUBLIC
DISCONNECT
/*C175*/SET SCHEMA PUBLIC
DISCONNECT
/*C176*/SET SCHEMA PUBLIC
DISCONNECT
/*C179*/SET SCHEMA PUBLIC
DISCONNECT
/*C180*/SET SCHEMA PUBLIC
DISCONNECT
/*C183*/SET SCHEMA PUBLIC
DISCONNECT
/*C184*/SET SCHEMA PUBLIC
DISCONNECT
/*C170*/SET SCHEMA PUBLIC
DISCONNECT
/*C171*/SET SCHEMA PUBLIC
DISCONNECT
/*C178*/SET SCHEMA PUBLIC
DISCONNECT
/*C177*/SET SCHEMA PUBLIC
DISCONNECT
/*C174*/SET SCHEMA PUBLIC
DISCONNECT
/*C172*/SET SCHEMA PUBLIC
DISCONNECT
/*C173*/SET SCHEMA PUBLIC
DISCONNECT
/*C185*/SET SCHEMA PUBLIC
DISCONNECT
/*C187*/SET SCHEMA PUBLIC
DISCONNECT
/*C188*/SET SCHEMA PUBLIC
DISCONNECT
/*C191*/SET SCHEMA PUBLIC
DISCONNECT
/*C192*/SET SCHEMA PUBLIC
DISCONNECT
/*C195*/SET SCHEMA PUBLIC
DISCONNECT
/*C196*/SET SCHEMA PUBLIC
DISCONNECT
/*C199*/SET SCHEMA PUBLIC
DISCONNECT
/*C200*/SET SCHEMA PUBLIC
DISCONNECT
/*C203*/SET SCHEMA PUBLIC
DISCONNECT
/*C204*/SET SCHEMA PUBLIC
DISCONNECT
/*C198*/SET SCHEMA PUBLIC
DISCONNECT
/*C186*/SET SCHEMA PUBLIC
DISCONNECT
/*C194*/SET SCHEMA PUBLIC
DISCONNECT
/*C190*/SET SCHEMA PUBLIC
DISCONNECT
/*C189*/SET SCHEMA PUBLIC
DISCONNECT
/*C193*/SET SCHEMA PUBLIC
DISCONNECT
/*C197*/SET SCHEMA PUBLIC
DISCONNECT
/*C202*/SET SCHEMA PUBLIC
DISCONNECT
/*C201*/SET SCHEMA PUBLIC
DISCONNECT
